====================== Welcome to MVP ======================
      A Memory-efficient, Visualization-enhanced, and       
             Parallel-accelerated Tool For GWAS             
                    __  __  __   __  ___                    
                   |  \/  | \ \ / / | _ \                   
                   | |\/| |  \ V /  |  _/                   
                   |_|  |_|   \_/   |_|     Version: 1.1.1  
  Designed and Maintained by Lilin Yin, Haohao Zhang, and   
  Xiaolei Liu                                               
  Contributors: Zhenshuang Tang, Jingya Xu, Dong Yin,       
  Zhiwu Zhang, Xiaohui Yuan, Mengjin Zhu, Shuhong Zhao,     
  Xinyun Li                                                 
  Contact: xiaoleiliu@mail.hzau.edu.cn                      
============================================================
Start: 2024-12-12 20:19:43.597837 
The log has been output to the file: /project/dator3/users/mebab12/BVGGWAS/BVG-7003-Devoir-3-FastTrackGWAS/MVP.20241212_201943.log 
Input data has 298 individuals, 78453 markers 
Analyzed trait: SDW 
Number of threads used: 288 
Total 281 individuals removed due to missings 
Computing GRM for 17 individuals with a step of 10000 
Deriving relationship matrix successfully 
Eigen Decomposition on GRM 
Deriving PCs successfully 
-------------------------GWAS Start------------------------- 
FarmCPU Start... 
Current loop: 1 out of maximum of 10 
seqQTN: 
NULL 
number of covariates in current loop is: 
0 
scanning... 
Current loop: 2 out of maximum of 10 
Optimizing Pseudo QTNs... 
Top snps have little effect, set seqQTN to NULL! 
Genomic inflation factor (lambda): 1.1502 
Writing results to local file 
Significant level: 6.37e-07 
---------------------Visualization Start-------------------- 
Phenotype distribution Plotting 
PCA plot2d 
SNP_Density Plotting 
Circular_Manhattan Plotting SDW.FarmCPU 
Rectangular_Manhattan Plotting SDW.FarmCPU 
Q_Q Plotting SDW.FarmCPU 
Results are stored at Working Directory: /project/dator3/users/mebab12/BVGGWAS/BVG-7003-Devoir-3-FastTrackGWAS 
End: 2024-12-12 20:19:53.253114 
===================== MVP ACCOMPLISHED ===================== 
