====================== Welcome to MVP ======================
      A Memory-efficient, Visualization-enhanced, and       
             Parallel-accelerated Tool For GWAS             
                    __  __  __   __  ___                    
                   |  \/  | \ \ / / | _ \                   
                   | |\/| |  \ V /  |  _/                   
                   |_|  |_|   \_/   |_|     Version: 1.1.1  
  Designed and Maintained by Lilin Yin, Haohao Zhang, and   
  Xiaolei Liu                                               
  Contributors: Zhenshuang Tang, Jingya Xu, Dong Yin,       
  Zhiwu Zhang, Xiaohui Yuan, Mengjin Zhu, Shuhong Zhao,     
  Xinyun Li                                                 
  Contact: xiaoleiliu@mail.hzau.edu.cn                      
============================================================
Start: 2024-12-12 20:20:26.542068 
The log has been output to the file: /project/dator3/users/mebab12/BVGGWAS/BVG-7003-Devoir-3-FastTrackGWAS/MVP.20241212_202026.log 
Input data has 298 individuals, 78453 markers 
Analyzed trait: SDW 
Number of threads used: 288 
Total 281 individuals removed due to missings 
Computing GRM for 17 individuals with a step of 10000 
Deriving relationship matrix successfully 
Eigen Decomposition on GRM 
Deriving PCs successfully 
Number of PCs included in GLM: 3 
-------------------------GWAS Start------------------------- 
General Linear Model (GLM) Start... 
scanning...
Genomic inflation factor (lambda): 1.0032 
Writing results to local file 
Significant level: 6.37e-07 
---------------------Visualization Start-------------------- 
Phenotype distribution Plotting 
PCA plot2d 
SNP_Density Plotting 
Circular_Manhattan Plotting SDW.GLM 
Rectangular_Manhattan Plotting SDW.GLM 
Q_Q Plotting SDW.GLM 
Results are stored at Working Directory: /project/dator3/users/mebab12/BVGGWAS/BVG-7003-Devoir-3-FastTrackGWAS 
End: 2024-12-12 20:20:34.650376 
===================== MVP ACCOMPLISHED ===================== 
